<?xml version="1.0" encoding="UTF-8"?>
<!-- Generated by org.testng.reporters.JUnitReportReporter -->
<testsuite hostname="DESKTOP-DELVMAL" failures="0" tests="1" name="googlePlace.CreateGoolgePlace" time="4.961" errors="0" timestamp="2023-05-06T18:33:17 IST" skipped="0">
  <testcase classname="googlePlace.CreateGoolgePlace" name="ValidateCreateNewPlace" time="4.961"/>
  <system-out/>
</testsuite> <!-- googlePlace.CreateGoolgePlace -->
