<?xml version="1.0" encoding="UTF-8"?>
<!-- Generated by org.testng.reporters.JUnitReportReporter -->
<testsuite hostname="DESKTOP-DELVMAL" failures="0" tests="1" name="googlePlace.CreateGoolgePlace" time="11.320" errors="0" timestamp="2023-05-08T22:27:57 IST" skipped="0">
  <testcase classname="googlePlace.CreateGoolgePlace" name="ValidateCreateNewPlace" time="11.320"/>
  <system-out/>
</testsuite> <!-- googlePlace.CreateGoolgePlace -->
